[debug] [2021-03-17T18:03:24.201Z] ----------------------------------------------------------------------
[debug] [2021-03-17T18:03:24.202Z] Command:       C:\Program Files\nodejs\node.exe C:\Users\flori\AppData\Roaming\npm\node_modules\firebase-tools\lib\bin\firebase.js deploy
[debug] [2021-03-17T18:03:24.203Z] CLI Version:   9.6.1
[debug] [2021-03-17T18:03:24.203Z] Platform:      win32
[debug] [2021-03-17T18:03:24.203Z] Node Version:  v14.16.0
[debug] [2021-03-17T18:03:24.203Z] Time:          Wed Mar 17 2021 20:03:24 GMT+0200 (Eastern European Standard Time)
[debug] [2021-03-17T18:03:24.204Z] ----------------------------------------------------------------------
[debug] [2021-03-17T18:03:24.204Z] 
[debug] [2021-03-17T18:03:24.205Z] >>> [apiv2][query] GET https://firebase-public.firebaseio.com/cli.json [none]
[debug] [2021-03-17T18:03:24.224Z] > command requires scopes: ["email","openid","https://www.googleapis.com/auth/cloudplatformprojects.readonly","https://www.googleapis.com/auth/firebase","https://www.googleapis.com/auth/cloud-platform"]
[debug] [2021-03-17T18:03:24.224Z] > authorizing via signed-in user
[debug] [2021-03-17T18:03:24.224Z] [iam] checking project react-my-burger-4e69f for permissions ["firebase.projects.get","firebasehosting.sites.update"]
[debug] [2021-03-17T18:03:24.225Z] >>> HTTP REQUEST POST https://cloudresourcemanager.googleapis.com/v1/projects/react-my-burger-4e69f:testIamPermissions  
 {"permissions":["firebase.projects.get","firebasehosting.sites.update"]}
[debug] [2021-03-17T18:03:45.425Z] [iam] error while checking permissions, command may fail: FirebaseError: Server Error. connect ETIMEDOUT 142.250.185.106:443
[debug] [2021-03-17T18:03:45.426Z] > refreshing access token with scopes: []
[debug] [2021-03-17T18:03:45.427Z] >>> HTTP REQUEST POST https://www.googleapis.com/oauth2/v3/token  
 <request body omitted>
[debug] [2021-03-17T18:03:45.866Z] <<< HTTP RESPONSE 200 {"expires":"Mon, 01 Jan 1990 00:00:00 GMT","cache-control":"no-cache, no-store, max-age=0, must-revalidate","date":"Wed, 17 Mar 2021 18:03:45 GMT","pragma":"no-cache","content-type":"application/json; charset=utf-8","vary":"X-Origin, Referer, Origin,Accept-Encoding","server":"scaffolding on HTTPServer2","x-xss-protection":"0","x-frame-options":"SAMEORIGIN","x-content-type-options":"nosniff","alt-svc":"h3-29=\":443\"; ma=2592000,h3-T051=\":443\"; ma=2592000,h3-Q050=\":443\"; ma=2592000,h3-Q046=\":443\"; ma=2592000,h3-Q043=\":443\"; ma=2592000,quic=\":443\"; ma=2592000; v=\"46,43\"","accept-ranges":"none","transfer-encoding":"chunked"}
[debug] [2021-03-17T18:03:45.882Z] >>> [apiv2][query] GET https://firebase.googleapis.com/v1beta1/projects/react-my-burger-4e69f [none]
[debug] [2021-03-17T18:04:07.016Z] Failed to make request to https://firebase.googleapis.com/v1beta1/projects/react-my-burger-4e69f
[debug] [2021-03-17T18:04:07.186Z] FirebaseError: Failed to make request to https://firebase.googleapis.com/v1beta1/projects/react-my-burger-4e69f
    at Client.doRequest (C:\Users\flori\AppData\Roaming\npm\node_modules\firebase-tools\lib\apiv2.js:211:19)
    at processTicksAndRejections (internal/process/task_queues.js:93:5)
    at async Client.request (C:\Users\flori\AppData\Roaming\npm\node_modules\firebase-tools\lib\apiv2.js:96:20)
    at async Object.getFirebaseProject (C:\Users\flori\AppData\Roaming\npm\node_modules\firebase-tools\lib\management\projects.js:289:21)
    at async Object.getDefaultHostingSite (C:\Users\flori\AppData\Roaming\npm\node_modules\firebase-tools\lib\getDefaultHostingSite.js:8:21)
    at async requireHostingSite (C:\Users\flori\AppData\Roaming\npm\node_modules\firebase-tools\lib\requireHostingSite.js:9:18)
    at async Object.fn (C:\Users\flori\AppData\Roaming\npm\node_modules\firebase-tools\lib\commands\deploy.js:66:9)
    at async C:\Users\flori\AppData\Roaming\npm\node_modules\firebase-tools\lib\command.js:161:17
[error] 
[error] Error: Failed to get Firebase project react-my-burger-4e69f. Please make sure the project exists and your account has permission to access it.
